C51 COMPILER V9.02   MAIN                                                                  10/19/2015 20:05:05 PAGE 1   


C51 COMPILER V9.02, COMPILATION OF MODULE MAIN
OBJECT MODULE PLACED IN C:\v14he9k1\main.obj
COMPILER INVOKED BY: C:\Keil\C51\BIN\C51.EXE main.c BROWSE DEBUG OBJECTEXTEND OBJECT(C:\v14he9k1\main.obj)

line level    source

   1          #include"headers.h"
   2          main()
   3          {
   4   1       u8 P1=0x01;
   5   1       u8 P2=0x02;
   6   1       init_CANCONTROLLER();
   7   1       while(1)
   8   1       {
   9   2        //while(IS_ANYKEYPRESSED);
  10   2        while(IS_KEY1PRESSED)
  11   2         CANframe_Tx(&P1,0,MESSAGE_ID1,1);
  12   2         
  13   2        while(IS_KEY2PRESSED)
  14   2         CANframe_Tx(&P2,0,MESSAGE_ID2,1);
  15   2       }      
  16   1       return 0;                                                                
  17   1      }


MODULE INFORMATION:   STATIC OVERLAYABLE
   CODE SIZE        =     59    ----
   CONSTANT SIZE    =   ----    ----
   XDATA SIZE       =   ----    ----
   PDATA SIZE       =   ----    ----
   DATA SIZE        =   ----       2
   IDATA SIZE       =   ----    ----
   BIT SIZE         =   ----    ----
END OF MODULE INFORMATION.


C51 COMPILATION COMPLETE.  0 WARNING(S),  0 ERROR(S)
