C51 COMPILER V7.08   7SEG                                                                  09/21/2015 12:38:56 PAGE 1   


C51 COMPILER V7.08, COMPILATION OF MODULE 7SEG
OBJECT MODULE PLACED IN C:\ISP\7seg.obj
COMPILER INVOKED BY: C:\Keil2\C51\BIN\C51.EXE 7seg.c BROWSE DEBUG OBJECTEXTEND OBJECT(C:\ISP\7seg.obj)

line level    source

   1          #include"reg51.h"
   2          #include"types.h"
   3          #include"delay.h"
   4          
   5          code u8 lit[]={0xc0,0xf9,0xa4,0xb0,0x99,0x92,0x82,0xf8,0x80,0x90};
   6          u8 dp1=0xff, dp2=0xff, dp3=0xff, dp4=0xff;
   7          
   8          #define SEG_PORT P0
   9          sbit sel1=P1^0;
  10          sbit sel2=P1^1;
  11          sbit sel3=P1^2;
  12          sbit sel4=P1^3;
  13          
  14          void seg7_number(int num)
  15          {
  16   1      SEG_PORT=lit[num/1000]&dp1;
  17   1      sel1=0;
  18   1      delay(1);
  19   1      sel1=1;
  20   1      
  21   1      SEG_PORT=lit[(num/100)%10]&dp2;
  22   1      sel2=0;
  23   1      delay(1);
  24   1      sel2=1;
  25   1      
  26   1      SEG_PORT=lit[(num%100)/10]&dp3;
  27   1      sel3=0;
  28   1      delay(1);
  29   1      sel3=1;
  30   1      
  31   1      SEG_PORT=lit[num%10]&dp4;
  32   1      sel4=0;
  33   1      delay(1);
  34   1      sel4=1;
  35   1      
  36   1      }
  37          
  38          void seg7_float(float f)
  39          {
  40   1      u16 i;
  41   1      //dp1=dp2=dp3=dp4=0xff;
  42   1      
  43   1      if((f>=0.0)&&f<(10.0))
  44   1      {
  45   2      i=f*1000;
  46   2      dp1=0x7f;
  47   2      }
  48   1      else if((f>=10.0)&&(f<100.0))
  49   1      {
  50   2      i=f*100;
  51   2      dp2=0x7f;
  52   2      }
  53   1      else if((f>=100.0)&&(f<1000.0))
  54   1      {
  55   2      i=f*10;
C51 COMPILER V7.08   7SEG                                                                  09/21/2015 12:38:56 PAGE 2   

  56   2      dp3=0x7f;
  57   2      }
  58   1      else
  59   1      i=f;
  60   1      
  61   1      seg7_number(i);
  62   1      }


MODULE INFORMATION:   STATIC OVERLAYABLE
   CODE SIZE        =    404    ----
   CONSTANT SIZE    =     10    ----
   XDATA SIZE       =   ----    ----
   PDATA SIZE       =   ----    ----
   DATA SIZE        =      4       8
   IDATA SIZE       =   ----    ----
   BIT SIZE         =   ----    ----
END OF MODULE INFORMATION.


C51 COMPILATION COMPLETE.  0 WARNING(S),  0 ERROR(S)
