C51 COMPILER V7.08   I2C                                                                   10/06/2015 13:28:30 PAGE 1   


C51 COMPILER V7.08, COMPILATION OF MODULE I2C
OBJECT MODULE PLACED IN C:\New Folder (27)\i2c.obj
COMPILER INVOKED BY: C:\Keil2\C51\BIN\C51.EXE i2c.c BROWSE DEBUG OBJECTEXTEND OBJECT(C:\New Folder (27)\i2c.obj)

line level    source

   1          #include<reg51.h>
   2          #include"types.h"
   3          #include"delay.h"
   4          
   5          sbit scl=P2^0;
   6          sbit sda=P2^1;
   7          
   8          
   9          void start(void)
  10          {
  11   1      scl=0;
  12   1      sda=1;
  13   1      scl=1;
  14   1      sda=0;
  15   1      }
  16          
  17          void stop(void)
  18          {
  19   1      scl=0;
  20   1      sda=0;
  21   1      scl=1;
  22   1      sda=1;
  23   1      }
  24          
  25          void write(u8 dat)
  26          {
  27   1      u8 i;
  28   1      for(i=0;i<8;i++)
  29   1      {
  30   2      scl=0;
  31   2      sda=(dat&(0x80>>i))?1:0;
  32   2      scl=1;
  33   2      }
  34   1      }
  35          
  36          u8 read(void)
  37          {
  38   1      u8 buff=0,i;
  39   1      for(i=0;i<8;i++)
  40   1      {
  41   2      scl=0;
  42   2      scl=1;
  43   2      if(sda)
  44   2              buff|=0x80>>i;
  45   2      }
  46   1      return buff;
  47   1      }
  48          
  49          void ack(void)
  50          {
  51   1      scl=0;
  52   1      sda=1;
  53   1      scl=1;
  54   1      while(sda);
  55   1      }
C51 COMPILER V7.08   I2C                                                                   10/06/2015 13:28:30 PAGE 2   

  56          
  57          void noack(void)
  58          {
  59   1      scl=0;
  60   1      sda=1;
  61   1      scl=1;
  62   1      //sda=0;
  63   1      }
  64          
  65          void i2c_write(u8 saddr,u8 addr,u8 dat)
  66          {
  67   1      start();
  68   1      write(saddr);
  69   1      ack();
  70   1      write(addr);
  71   1      ack();
  72   1      write(dat);
  73   1      ack();
  74   1      stop();
  75   1      delay(10);
  76   1      }
  77          
  78          u8 i2c_read(u8 saddr,u8 addr)
  79          {
  80   1      u8 buff=0;
  81   1      start();
  82   1      write(saddr);
  83   1      ack();
  84   1      write(addr);
  85   1      ack();
  86   1      start();
  87   1      write(saddr|01);
  88   1      ack();
  89   1      buff=read();
  90   1      noack();
  91   1      stop();
  92   1      return buff;
  93   1      }


MODULE INFORMATION:   STATIC OVERLAYABLE
   CODE SIZE        =    182    ----
   CONSTANT SIZE    =   ----    ----
   XDATA SIZE       =   ----    ----
   PDATA SIZE       =   ----    ----
   DATA SIZE        =   ----    ----
   IDATA SIZE       =   ----    ----
   BIT SIZE         =   ----    ----
END OF MODULE INFORMATION.


C51 COMPILATION COMPLETE.  0 WARNING(S),  0 ERROR(S)
