C51 COMPILER V7.08   LCD                                                                   09/30/2015 11:43:53 PAGE 1   


C51 COMPILER V7.08, COMPILATION OF MODULE LCD
OBJECT MODULE PLACED IN C:\isp new\lcd.obj
COMPILER INVOKED BY: C:\Keil2\C51\BIN\C51.EXE lcd.c BROWSE DEBUG OBJECTEXTEND OBJECT(C:\isp new\lcd.obj)

line level    source

   1          #include<reg51.h>
   2          #include"types.h"
   3          #include"delay.h"
   4          
   5          #define lcd_data P0
   6          
   7          sbit rs=P2^0;
   8          sbit rw=P2^1;
   9          sbit en=P2^2;
  10          
  11          void lcd_write(u8 val)
  12          {
  13   1      lcd_data=val;
  14   1      rw=0;
  15   1      en=1;
  16   1      en=0;
  17   1      delay(2);
  18   1      }
  19          
  20          void lcd_char(u8 ch)
  21          {
  22   1      rs=1;
  23   1      lcd_write(ch);
  24   1      }
  25          
  26          void lcd_cmd(u8 val)
  27          {
  28   1      rs=0;
  29   1      lcd_write(val);
  30   1      }
  31          
  32          void lcd_init(void)
  33          {
  34   1      /*
  35   1      delay(16);
  36   1      lcd_cmd(0x30);
  37   1      delay(5);
  38   1      lcd_cmd(0x30);
  39   1      delay(1);
  40   1      lcd_cmd(0x02);
  41   1      lcd_cmd(0x38);
  42   1      lcd_cmd(0x06);
  43   1      lcd_cmd(0x01);
  44   1      lcd_cmd(0x0f);
  45   1      */
  46   1      //lcd_cmd(0x80);
  47   1      //delay(10);
  48   1      
  49   1      //lcd_cmd(0x80);
  50   1      
  51   1      lcd_cmd(0x02);//return home
  52   1      lcd_cmd(0x38);//2 line 5x7 matrix selection with 8-bit mode
  53   1      lcd_cmd(0x0c);//display on cursor off
  54   1      lcd_cmd(0x06);//shift cursor to right
  55   1      lcd_cmd(0x01);//clear screen
C51 COMPILER V7.08   LCD                                                                   09/30/2015 11:43:53 PAGE 2   

  56   1      lcd_cmd(0x80);//1st line 1st postion                                                                      
             -                                                                                                                        
             -                                                                                                                        
             -                              
  57   1      
  58   1      }
  59          
  60          void lcd_int(u16 no)
  61          {
  62   1      s8 i;
  63   1      u8 a[5]={0};
  64   1      if(no==0)
  65   1      lcd_char('0');
  66   1      
  67   1      for(i=0;i<5;i++)
  68   1      {
  69   2      a[i]=(no%10)+48;
  70   2      no/=10;
  71   2      }
  72   1      for(--i;i>=0;i--)
  73   1      {
  74   2      lcd_char(a[i]);
  75   2      }
  76   1      }
  77          
  78          void lcd_float(float f)
  79          {
  80   1      u16 t;
  81   1      t=f;
  82   1      lcd_int(t);
  83   1      lcd_char('.');
  84   1      f-=t;
  85   1      f*=100;
  86   1      t=f;
  87   1      lcd_int(t);
  88   1      }


MODULE INFORMATION:   STATIC OVERLAYABLE
   CODE SIZE        =    262    ----
   CONSTANT SIZE    =      5    ----
   XDATA SIZE       =   ----    ----
   PDATA SIZE       =   ----    ----
   DATA SIZE        =   ----      14
   IDATA SIZE       =   ----    ----
   BIT SIZE         =   ----    ----
END OF MODULE INFORMATION.


C51 COMPILATION COMPLETE.  0 WARNING(S),  0 ERROR(S)
